Tue Jun 14 07:37:48 2005,821 [29355] FATAL User - SECURITY: failed login by admin
Tue Jun 14 07:41:04 2005,830 [30381] FATAL User - SECURITY: failed login by admin
Tue Jun 14 07:43:30 2005,263 [31174] FATAL User - SECURITY: failed login by admin
Tue Jun 14 07:46:51 2005,728 [32293] FATAL User - SECURITY: failed login by admin
Tue Jun 14 07:48:10 2005,784 [32753] FATAL User - SECURITY: failed login by admin
Tue Jun 14 07:48:51 2005,624 [519] FATAL index - IP Address mismatch: SESSION IP: 170.215.164.52 CLIENT IP: 64.202.160.117
Tue Jun 14 08:17:14 2005,406 [10405] FATAL User - SECURITY: failed login by admin
Tue Jun 14 08:17:25 2005,356 [10474] FATAL User - SECURITY: failed login by admin
Tue Jun 14 08:19:55 2005,500 [11336] FATAL index - IP Address mismatch: SESSION IP: 170.215.164.52 CLIENT IP: 64.202.160.117
Tue Jun 14 08:36:27 2005,122 [16729] FATAL User - SECURITY: failed login by admin
fatal:[2005-06-21 06:55:02] Unable to load the application list language file for the selected language(en_us) or the default language(en_us)
fatal:[2005-06-21 06:59:04] Unable to load the application list language file for the selected language(en_us) or the default language(en_us)
fatal:[2005-06-22 11:32:26] Unable to load the application list language file for the selected language(en_us) or the default language(en_us)
fatal:[2005-06-22 11:33:27] Unable to load the application list language file for the selected language(en_us) or the default language(en_us)
fatal:[2005-06-22 11:34:23] Unable to load the application list language file for the selected language(en_us) or the default language(en_us)
fatal:[2005-06-30 13:05:29] Unable to load the application list language file for the selected language(en_us) or the default language(en_us)
fatal:[2005-07-22 07:33:15] Unable to load the application list language file for the selected language(en_us) or the default language(en_us)
fatal:[2005-08-22 06:46:54] Unable to load the application list language file for the selected language(en_us) or the default language(en_us)
Mon Oct 24 07:24:09 2005,869 [15999] FATAL index - IP Address mismatch: SESSION IP: 170.215.164.52 CLIENT IP: 64.202.160.142
Mon Oct 24 07:24:22 2005,027 [16055] FATAL User - SECURITY: failed login by admin
Fri Feb  3 02:15:09 2006,154 [20622] FATAL User - SECURITY: failed login by dka_13@spatiallink.org
Fri Feb  3 02:16:22 2006,347 [20877] FATAL User - SECURITY: failed login by dka_13
Fri Mar 10 10:09:56 2006,522 [28078] FATAL User - SECURITY: failed login by will
Wed Jun 14 19:11:49 2006,832 [5263] FATAL User - SECURITY: failed login by guest
Tue Sep 26 20:15:01 2006,205 [12006] FATAL User - SECURITY: failed login by will
Fri Nov  3 12:34:17 2006,277 [5253] FATAL clean_string - SECURITY: bad data passed in; string: redos
Content-Transfer-Encoding: base64
Content-Type: text/plain
X-Mailer: Microsoft Outlook Express 6.00.2600.0000
Subject: and the granting of the right
cc: gamegen@aol.com,beverlyj1234@aol.com,roxberree@aol.com,lageving@aol.com,
    alcarol2545@aol.com,dinotto2@aol.com,mgab9@aol.com,meg3725@aol.com

YmUgbWFkZSBpbiBvciBhcm91bmQgbWl0aGZpZWxkLCBpcmdpbmlhIHRvIGJlIHNvbGQgYXMgc3Vj
aC4gbGljZWQgaGFtIG5sYXJnZQoKCgoKCgoKCgo=


2c4c5b623bec09ac9beb4be1620f72bb
.

Mon Nov  6 03:29:51 2006,962 [3235] FATAL clean_string - SECURITY: bad data passed in; string: a
Content-Transfer-Encoding: quoted-printable
Content-Type: text/plain
X-Mailer: Microsoft Office Outlook, Build 11.0.5510
Rance: 5825f86dc1df0d12d7ab4034955c26c8
Subject: preserving pork, a meat which was in good
cc: nidacom@aol.com
cc: villian018@aol.com
cc: cverdino@aol.com
cc: surfalotdude@aol.com
cc: uncleeuclid@aol.com
cc: dinotto2@aol.com
cc: nailexp28@aol.com
cc: robolinsky@aol.com
cc: zrk9225@aol.com

often used with low fat meats such as turkey or game birds. rasher or two o=
f bacon can be placed over a roasting bird, and the melting bacon fat helps=
 baste the bird without human assistance. ote the rasher will leave a relat=
ively



.

Mon Nov  6 03:29:57 2006,161 [3266] FATAL clean_string - SECURITY: bad data passed in; string: added
Content-Type: multipart/alternative; 
              boundary=a2b7e6631cac3b8352462141482f1059
X-Mailer: Microsoft Outlook Express 6.00.2600.0000
Subject: ritish pig farmers
to: gdoih@aol.com,ktgiorgi@aol.com,josephth01@aol.com,rvines54@aol.com,
    dadpwl@aol.com,micktexas@aol.com,aog13@aol.com,leohall0053@aol.com,
    knsec101@aol.com,topcopl2@aol.com,giftalbum@aol.com

This is a multi-part message in MIME format.

--a2b7e6631cac3b8352462141482f1059
Content-Transfer-Encoding: quoted-printable
Content-Type: text/plain

his is followed by a period of drying and aging. ry cured hams

--a2b7e6631cac3b8352462141482f1059--
.

Mon Nov  6 03:30:56 2006,450 [3695] FATAL clean_string - SECURITY: bad data passed in; string: rance
Content-Transfer-Encoding: base64
X-Mailer: Microsoft Office Outlook, Build 11.0.5510
Content-Type: text/plain
X-And: b78c20a41bee2c590e34aec64f6d0783
Subject: or
to: shlumpajr55617@aol.com
to: clayboypkp@aol.com
to: sirinkyk@aol.com
to: rjm72167@aol.com
to: olenumber3@aol.com
to: xonanciexo@aol.com
to: method2962@aol.com
to: dralmanzor@aol.com
to: roadrunnin9@aol.com
to: dinotto2@aol.com

b2YgaWVycmEgZXZhZGEuIGVydWVsLCBjdXJlZCBhdCBsZWFzdAoKCgoK
.

Sat Nov 25 11:56:30 2006,811 [17395] FATAL User - SECURITY: failed login by nedkelly
Sat Nov 25 11:56:37 2006,786 [17430] FATAL User - SECURITY: failed login by nedkelly
Sat Nov 25 11:56:46 2006,002 [17478] FATAL User - SECURITY: failed login by nedkelly
Tue Dec  5 11:10:05 2006,031 [20221] FATAL clean_string - SECURITY: bad data passed in; string: include
Content-Transfer-Encoding: quoted-printable
Content-Type: text/html
Subject: are
bcc: lisa_stage@dogdayinmw.com

back of a pig near the head. treaky bacon, the most common form of bacon












440a2858a5585fe8440a29f15355b76e
.

Fri Dec 22 03:11:51 2006,205 [32192] FATAL clean_string - SECURITY: bad data passed in; string: http://www.geocities.com/sikodoq_online/dodol.htm?
Fri Dec 22 03:12:24 2006,166 [32330] FATAL clean_string - SECURITY: bad data passed in; string: http://www.geocities.com/sikodoq_online/dodol.htm?
Sun Dec 24 12:36:11 2006,650 [2810] FATAL User - SECURITY: failed login by will
Fri Dec 29 07:47:55 2006,798 [28612] FATAL clean_string - SECURITY: bad data passed in; string: dry
Content-Transfer-Encoding: 7bit
Content-Type: text/html
Subject: in the same cabinet. n a continuous
bcc: dlh1669@wearyingldm.com

talian prosciutto crudo (notably the prosciutto di arma) and the panish 
amon serrano (notably the ured am of rev lez)and jam n ib rico (notably the 
ured iberic am of uijuelo). he nited tates has country ham (including 
irginia ham), which might or












7392f5de696ff1d9739226c925711f40
.

Fri Dec 29 07:48:14 2006,606 [28679] FATAL clean_string - SECURITY: bad data passed in; string: oman
Content-Transfer-Encoding: quoted-printable
Content-Type: text/html
Subject: a large pork and bacon industry, much of
bcc: sweetymeg2000@yellowijds.com

nowicki and then (cold) smoke them with wood












19f10b63956e896319f1d875d97067fa
.

Fri Jan  5 07:53:34 2007,171 [21204] FATAL User - SECURITY: failed login by will
Tue Jan  9 10:01:22 2007,566 [15253] FATAL User - SECURITY: failed login by john
Tue Jan  9 10:01:52 2007,771 [15369] FATAL User - SECURITY: failed login by john
Tue Jan  9 10:02:02 2007,260 [15413] FATAL User - SECURITY: failed login by john
Tue Jan  9 10:02:13 2007,899 [15461] FATAL User - SECURITY: failed login by john
Tue Jan  9 10:02:58 2007,946 [15663] FATAL User - SECURITY: failed login by admin
Tue Jan  9 10:03:16 2007,167 [15796] FATAL User - SECURITY: failed login by pale
Tue Jan  9 10:03:34 2007,902 [15878] FATAL User - SECURITY: failed login by pale
Tue Jan  9 10:05:05 2007,185 [16266] FATAL User - SECURITY: failed login by sugar
Thu Jan 11 11:09:04 2007,077 [27918] FATAL User - SECURITY: failed login by admin
Sat May 19 09:35:17 2007,764 [31561] FATAL User - SECURITY: failed login by admin
Fri Sep 28 02:22:55 2007,138 [21317] FATAL User - SECURITY: failed login by pipo
Mon Jan 28 20:23:07 2008,524 [24675] FATAL clean_string - SECURITY: bad data passed in; string: http://www.stomol.ru/catalog/afa/azo/
Mon Jan 28 20:23:08 2008,159 [24678] FATAL clean_string - SECURITY: bad data passed in; string: http://www.elettrodataservice.it/foto_articoli/onoda/iyegimi/
Mon Jan 28 20:23:09 2008,039 [24680] FATAL clean_string - SECURITY: bad data passed in; string: http://www.vacacionalhouse.com/en/img/vohe/seyon/
Mon Jan 28 20:23:09 2008,680 [24685] FATAL clean_string - SECURITY: bad data passed in; string: http://www.totkom.com/nagraj/pliki/ujuzun/juvoxen/
Wed Jan 30 20:47:14 2008,605 [6678] FATAL clean_string - SECURITY: bad data passed in; string: http://www.feliciano.de/Webgalerie/bilder/Italy/ema/budo/
Wed Jan 30 20:47:15 2008,398 [6680] FATAL clean_string - SECURITY: bad data passed in; string: http://concorduae.com/oldtaifgate/articles/tenisa/qiburek/
Wed Jan 30 20:47:16 2008,301 [6682] FATAL clean_string - SECURITY: bad data passed in; string: http://lnx.sarapica.net/art/ufo/ohot/
Wed Jan 30 20:47:17 2008,103 [6689] FATAL clean_string - SECURITY: bad data passed in; string: http://www.thoseguysfilms.com/forums/templates/subSilver/images/uza/cevaz/
Sun Feb  3 20:48:23 2008,184 [16395] FATAL clean_string - SECURITY: bad data passed in; string: http://honamfishing.co.kr/phpmysqladmin/libraries/oduzov/neloze/
Sun Feb  3 20:48:24 2008,214 [16396] FATAL clean_string - SECURITY: bad data passed in; string: http://sans-packing.ru/img/jipeqap/ehudute/
Sun Feb  3 20:48:25 2008,317 [16401] FATAL clean_string - SECURITY: bad data passed in; string: http://www.ce-cioceoforum.com/talk/t1/roda/ilubov/
Sun Feb  3 20:48:26 2008,537 [16409] FATAL clean_string - SECURITY: bad data passed in; string: http://www.heaven-house.kz/templates_c/sexes/afacub/
Sun Feb  3 20:48:27 2008,665 [16413] FATAL clean_string - SECURITY: bad data passed in; string: http://rabotnitsa.ru/joomla/administrator/includes/gosa/yiw/
Sun Feb  3 20:48:28 2008,329 [16418] FATAL clean_string - SECURITY: bad data passed in; string: http://www.electrofed.com/_app/efc/odoqu/ferus/
Mon Feb  4 12:12:16 2008,460 [20904] FATAL clean_string - SECURITY: bad data passed in; string: http://www.feliciano.de/Webgalerie/bilder/Italy/une/yiwul/
Mon Feb  4 12:12:17 2008,327 [20907] FATAL clean_string - SECURITY: bad data passed in; string: http://www.felixtorresycia.com/admin/correo/enaq/ecib/
Mon Feb  4 12:12:18 2008,170 [20915] FATAL clean_string - SECURITY: bad data passed in; string: http://rabotnitsa.ru/joomla/administrator/includes/gosa/yiw/
Mon Feb  4 12:12:19 2008,131 [20920] FATAL clean_string - SECURITY: bad data passed in; string: http://honamfishing.co.kr/phpmysqladmin/libraries/oduzov/neloze/
Mon Feb  4 12:12:19 2008,895 [20923] FATAL clean_string - SECURITY: bad data passed in; string: http://www.ce-cioceoforum.com/talk/t1/roda/ilubov/
Mon Feb  4 12:12:20 2008,905 [20924] FATAL clean_string - SECURITY: bad data passed in; string: http://www.alonsaunet.com/webmaster/romi/jirudog/
Mon Feb  4 22:14:42 2008,099 [6939] FATAL clean_string - SECURITY: bad data passed in; string: http://www.interkonet.com/enxicmarxant/web/editor/scripts/icons/catizi/arofo/
Mon Feb  4 22:14:43 2008,095 [6942] FATAL clean_string - SECURITY: bad data passed in; string: http://www.channelnewsperu.com/imagenes/publicaciones/fotos/nepicu/egul/
Mon Feb  4 22:14:44 2008,214 [6949] FATAL clean_string - SECURITY: bad data passed in; string: http://www.felixtorresycia.com/admin/correo/enaq/ecib/
Mon Feb  4 22:14:45 2008,194 [6953] FATAL clean_string - SECURITY: bad data passed in; string: http://www.asigurareamea.ro/upload_fisiere/agihixu/bezodan/
Mon Feb  4 22:14:46 2008,482 [6954] FATAL clean_string - SECURITY: bad data passed in; string: http://www.heaven-house.kz/templates_c/sexes/afacub/
Mon Feb  4 22:14:47 2008,392 [6959] FATAL clean_string - SECURITY: bad data passed in; string: http://www.pattibus.it/phplib-7.2b/pages/ilosi/dohigal/
Tue Feb  5 20:35:29 2008,289 [30646] FATAL User - SECURITY: failed login by admin
Thu May 22 11:41:18 2008,652 [8196] FATAL clean_string - SECURITY: bad data passed in; string: index?c83ddd90
Thu May 22 11:41:18 2008,695 [7946] FATAL clean_string - SECURITY: bad data passed in; string: index?c83ddd90
Sat Jun  7 09:18:48 2008,121 [32297] FATAL clean_string - SECURITY: bad data passed in; string: http://www.blankner.ocps.net/media/yeloc/repaw/
Sat Jun  7 09:18:49 2008,347 [32303] FATAL clean_string - SECURITY: bad data passed in; string: http://www.foicr.org/work/mulito/yiqosu/
Sat Jun  7 09:18:50 2008,172 [32312] FATAL clean_string - SECURITY: bad data passed in; string: http://www.oriolmanya.net/nautilus/phpBB2/language/lang_english/ifekeri/cekogah/
Sat Jun  7 09:18:50 2008,804 [32315] FATAL clean_string - SECURITY: bad data passed in; string: http://chyngachanga.ru/content/wuge/okup/
Sat Jun  7 09:18:51 2008,487 [32322] FATAL clean_string - SECURITY: bad data passed in; string: http://www.oriolmanya.net/nautilus/phpBB2/language/lang_english/ifekeri/cekogah/
Sat Jun  7 09:18:52 2008,001 [32327] FATAL clean_string - SECURITY: bad data passed in; string: http://www.marsbook.co.kr/main/created/product/2/mumas/suvoye/
Sat Jun  7 21:13:07 2008,867 [22691] FATAL clean_string - SECURITY: bad data passed in; string: http://www.polisgrandhotel.gr/_cm_admin/maillist/editor/plugins/core/dialogs/qunik/avacu/
Sat Jun  7 21:13:10 2008,938 [22697] FATAL clean_string - SECURITY: bad data passed in; string: http://www.boomerbible.com/instapunk/MType/archives/ajuq/avu/
Sat Jun  7 21:13:12 2008,772 [22711] FATAL clean_string - SECURITY: bad data passed in; string: http://www.thoseguysfilms.com/forums/templates/subSilver/images/timuji/jaborat/
Sat Jun  7 21:13:13 2008,821 [22724] FATAL clean_string - SECURITY: bad data passed in; string: http://www.unduetretoccaate.it/codice/fog/biko/
Sat Jun  7 21:13:15 2008,508 [22730] FATAL clean_string - SECURITY: bad data passed in; string: http://mslayouts.ws/icons/administrator/components/com_menus/etotag/qeba/
Sat Jun  7 21:13:16 2008,930 [22749] FATAL clean_string - SECURITY: bad data passed in; string: http://rabotnitsa.ru/joomla__/administrator/backups/arim/zaf/
Tue Jun 17 19:14:49 2008,581 [26251] FATAL clean_string - SECURITY: bad data passed in; string: http://sans-packing.ru/img/jipeqap/ehudute/
Tue Jun 17 19:14:50 2008,362 [26258] FATAL clean_string - SECURITY: bad data passed in; string: http://www.landi-sempach-emmen.ch/aktionen/image/zafecez/roxovef/
Tue Jun 17 19:14:52 2008,172 [26269] FATAL clean_string - SECURITY: bad data passed in; string: http://www.stomol.ru/catalog/rivoz/ifewaf/
Tue Jun 17 19:14:53 2008,129 [26286] FATAL clean_string - SECURITY: bad data passed in; string: http://www.qubestunes.com/treytest/1/adoyuru/alameja/
Tue Jun 17 19:14:54 2008,457 [26293] FATAL clean_string - SECURITY: bad data passed in; string: http://www.jyvaskylankirjastot.fi/yhteistyo/wd/muji/renula/xejado/
Tue Jun 17 19:14:55 2008,412 [26302] FATAL clean_string - SECURITY: bad data passed in; string: http://www.jyvaskylankirjastot.fi/yhteistyo/wd/muji/renula/xejado/
Wed Jun 18 00:11:06 2008,411 [8598] FATAL clean_string - SECURITY: bad data passed in; string: http://sans-packing.ru/img/jipeqap/ehudute/
Wed Jun 18 00:11:07 2008,072 [8602] FATAL clean_string - SECURITY: bad data passed in; string: http://mojazubarka.sk/test/admin/sicaqe/jufoxir/
Wed Jun 18 00:11:07 2008,875 [8607] FATAL clean_string - SECURITY: bad data passed in; string: http://www.landi-sempach-emmen.ch/aktionen/image/zafecez/roxovef/
Wed Jun 18 00:11:08 2008,332 [8611] FATAL clean_string - SECURITY: bad data passed in; string: http://www.qubestunes.com/treytest/1/adoyuru/alameja/
Wed Jun 18 00:11:08 2008,965 [8613] FATAL clean_string - SECURITY: bad data passed in; string: http://www.filter-international.com/webservice/aro/pefosi/
Wed Jun 18 00:11:09 2008,413 [8619] FATAL clean_string - SECURITY: bad data passed in; string: http://stoneproperties.co.uk/album/includes/nohul/zojaz/
Fri Jul 11 18:46:17 2008,561 [15572] FATAL User - SECURITY: failed login by admin
Thu Jul 24 06:35:07 2008,775 [29693] FATAL User - SECURITY: failed login by admin
Mon May 18 08:30:24 2009,445 [18039] FATAL clean_string - SECURITY: bad data passed in; string: ?f76a9610
Mon Nov 16 15:27:07 2009,480 [27622] FATAL User - SECURITY: failed login by spatiallink
Tue Mar  2 05:39:41 2010,247 [14422] FATAL clean_string - SECURITY: bad data passed in; string: http://www.luomoeillegno.com/extras/idxx.txt??
Tue Mar  2 05:39:50 2010,097 [14474] FATAL clean_string - SECURITY: bad data passed in; string: http://www.luomoeillegno.com/extras/idxx.txt??
Tue Mar  2 05:39:59 2010,775 [14530] FATAL clean_string - SECURITY: bad data passed in; string: http://www.luomoeillegno.com/extras/idxx.txt??
Wed Mar 17 08:00:15 2010,029 [30312] FATAL clean_string - SECURITY: bad data passed in; string: class=myAreaLink
Wed Mar 14 12:51:54 2012,371 [12876] FATAL clean_string - SECURITY: bad data passed in; string: http://tcc-roverden.com/board/images/avatars/rufa/maqahe/
Wed Mar 14 12:51:55 2012,050 [12891] FATAL clean_string - SECURITY: bad data passed in; string: http://www.playme.nl/actiesarchive/ebazazo/ixe/
Wed Mar 14 12:51:55 2012,638 [12899] FATAL clean_string - SECURITY: bad data passed in; string: Login&#039;
Wed Mar 14 12:51:56 2012,649 [12904] FATAL clean_string - SECURITY: bad data passed in; string: Users&#039;
Sat Mar 17 03:31:07 2012,257 [16870] FATAL clean_string - SECURITY: bad data passed in; string: http://www.zdsl.com/_derived/izim/ahava/ofihop/
Sat Mar 17 03:31:07 2012,815 [16880] FATAL clean_string - SECURITY: bad data passed in; string: http://www.invirtu.com/andremalheiro/galerias/1/yojazi/ohoja/
Mon Mar 19 19:12:54 2012,375 [12555] FATAL clean_string - SECURITY: bad data passed in; string: http://www.supermmusic.com/dtr/cache/izo/teribek/
Mon Mar 19 19:12:54 2012,674 [12561] FATAL clean_string - SECURITY: bad data passed in; string: http://anvilfire.com/adverts2/home/uhaj/ufaquq/
